<?xml version="1.0" encoding="UTF-8"?>
<!-- Generated by org.testng.reporters.JUnitXMLReporter -->
<testsuite ignored="0" hostname="DESKTOP-8IO9O82" failures="0" tests="6" name="Students" time="0.082" errors="0" timestamp="2021-09-21T10:15:25 IST">
  <testcase classname="sep21_TestNG.Emp" name="empInfo" time="0.006"/>
  <testcase classname="sep21_TestNG.Emp" name="empInfo2" time="0.001"/>
  <testcase classname="sep21_TestNG.School" name="Student" time="0.002"/>
  <testcase classname="sep21_TestNG.School" name="Student2" time="0.002"/>
  <testcase classname="sep21_TestNG.Student" name="ClassRoom" time="0.001"/>
  <testcase classname="sep21_TestNG.Student" name="School" time="0.002"/>
</testsuite> <!-- Students -->
