<?xml version="1.0" encoding="UTF-8"?>
<!-- Generated by org.testng.reporters.JUnitXMLReporter -->
<testsuite ignored="0" hostname="DESKTOP-8IO9O82" failures="0" tests="6" name="Test1" time="0.083" errors="0" timestamp="2021-09-22T09:26:53 IST">
  <testcase classname="sep22_TestNG.Emp" name="empInfo" time="0.008"/>
  <testcase classname="sep22_TestNG.Emp" name="empInfo2" time="0.002"/>
  <testcase classname="sep22_TestNG.Student" name="ClassRoom" time="0.001"/>
  <testcase classname="sep22_TestNG.Student" name="School" time="0.002"/>
  <testcase classname="sep22_TestNG.School" name="Student" time="0.001"/>
  <testcase classname="sep22_TestNG.School" name="Student2" time="0.001"/>
</testsuite> <!-- Test1 -->
